E:\PROGRAM\GAME\DIRECTX\EXERCISE\3D PROGRAM WITH D3D\3D PROGRAM WITH D3D\DEBUG\BOX.OBJ
E:\PROGRAM\GAME\DIRECTX\EXERCISE\3D PROGRAM WITH D3D\3D PROGRAM WITH D3D\DEBUG\D3DAPP.OBJ
E:\PROGRAM\GAME\DIRECTX\EXERCISE\3D PROGRAM WITH D3D\3D PROGRAM WITH D3D\DEBUG\D3DUTILS.OBJ
E:\PROGRAM\GAME\DIRECTX\EXERCISE\3D PROGRAM WITH D3D\3D PROGRAM WITH D3D\DEBUG\GAMETIMER.OBJ
E:\PROGRAM\GAME\DIRECTX\EXERCISE\3D PROGRAM WITH D3D\3D PROGRAM WITH D3D\DEBUG\LIGTHHELPER.OBJ
E:\PROGRAM\GAME\DIRECTX\EXERCISE\3D PROGRAM WITH D3D\3D PROGRAM WITH D3D\DEBUG\MAIN.OBJ
E:\PROGRAM\GAME\DIRECTX\EXERCISE\3D PROGRAM WITH D3D\3D PROGRAM WITH D3D\DEBUG\MATHHELPER.OBJ
E:\PROGRAM\GAME\DIRECTX\EXERCISE\3D PROGRAM WITH D3D\3D PROGRAM WITH D3D\DEBUG\VC110.PDB
E:\Program\Game\DirectX\Exercise\3D Program with D3D\3D Program with D3D\Debug\Box.obj
E:\Program\Game\DirectX\Exercise\3D Program with D3D\3D Program with D3D\Debug\d3dApp.obj
E:\Program\Game\DirectX\Exercise\3D Program with D3D\3D Program with D3D\Debug\D3DUtils.obj
E:\Program\Game\DirectX\Exercise\3D Program with D3D\3D Program with D3D\Debug\GameTimer.obj
E:\Program\Game\DirectX\Exercise\3D Program with D3D\3D Program with D3D\Debug\LigthHelper.obj
E:\Program\Game\DirectX\Exercise\3D Program with D3D\3D Program with D3D\Debug\main.obj
E:\Program\Game\DirectX\Exercise\3D Program with D3D\3D Program with D3D\Debug\MathHelper.obj
E:\Program\Game\DirectX\Exercise\3D Program with D3D\3D Program with D3D\Debug\cl.command.1.tlog
E:\Program\Game\DirectX\Exercise\3D Program with D3D\3D Program with D3D\Debug\CL.read.1.tlog
E:\Program\Game\DirectX\Exercise\3D Program with D3D\3D Program with D3D\Debug\CL.write.1.tlog
E:\Program\Game\DirectX\Exercise\3D Program with D3D\3D Program with D3D\Debug\link-cvtres.read.1.tlog
E:\Program\Game\DirectX\Exercise\3D Program with D3D\3D Program with D3D\Debug\link-cvtres.write.1.tlog
E:\Program\Game\DirectX\Exercise\3D Program with D3D\3D Program with D3D\Debug\link-rc.read.1.tlog
E:\Program\Game\DirectX\Exercise\3D Program with D3D\3D Program with D3D\Debug\link-rc.write.1.tlog
E:\Program\Game\DirectX\Exercise\3D Program with D3D\3D Program with D3D\Debug\link.command.1.tlog
E:\Program\Game\DirectX\Exercise\3D Program with D3D\3D Program with D3D\Debug\link.read.1.tlog
E:\Program\Game\DirectX\Exercise\3D Program with D3D\3D Program with D3D\Debug\link.write.1.tlog
E:\Program\Game\DirectX\Exercise\3D Program with D3D\3D Program with D3D\Debug\vc110.idb
E:\Program\Game\DirectX\Exercise\3D Program with D3D\3D Program with D3D\Debug\vc110.pdb
E:\Program\Game\DirectX\Exercise\3D Program with D3D\Debug\3D Program with D3D.pdb
