生成启动时间为 2014/3/13 19:19:52。
     1>项目“E:\Program\Game\DirectX\Exercise\3D Program with D3D\3D Program with D3D\3D Program with D3D.vcxproj”在节点 2 上(Build 个目标)。
     1>ClCompile:
         C:\Program Files (x86)\Microsoft Visual Studio 11.0\VC\bin\CL.exe /c /ZI /nologo /W3 /WX- /sdl /Od /Oy- /D _UNICODE /D UNICODE /Gm /EHsc /RTC1 /MDd /GS /fp:precise /Zc:wchar_t /Zc:forScope /Fo"Debug\\" /Fd"Debug\vc110.pdb" /Gd /TP /analyze- /errorReport:prompt TreeBillboardDemo.cpp
         TreeBillboardDemo.cpp
     1>c:\program files (x86)\microsoft directx sdk (june 2010)\include\dxgitype.h(12): warning C4005: “DXGI_STATUS_OCCLUDED”: 宏重定义
                 c:\program files (x86)\windows kits\8.0\include\shared\winerror.h(49449) : 参见“DXGI_STATUS_OCCLUDED”的前一个定义
     1>c:\program files (x86)\microsoft directx sdk (june 2010)\include\dxgitype.h(13): warning C4005: “DXGI_STATUS_CLIPPED”: 宏重定义
                 c:\program files (x86)\windows kits\8.0\include\shared\winerror.h(49458) : 参见“DXGI_STATUS_CLIPPED”的前一个定义
     1>c:\program files (x86)\microsoft directx sdk (june 2010)\include\dxgitype.h(14): warning C4005: “DXGI_STATUS_NO_REDIRECTION”: 宏重定义
                 c:\program files (x86)\windows kits\8.0\include\shared\winerror.h(49467) : 参见“DXGI_STATUS_NO_REDIRECTION”的前一个定义
     1>c:\program files (x86)\microsoft directx sdk (june 2010)\include\dxgitype.h(15): warning C4005: “DXGI_STATUS_NO_DESKTOP_ACCESS”: 宏重定义
                 c:\program files (x86)\windows kits\8.0\include\shared\winerror.h(49476) : 参见“DXGI_STATUS_NO_DESKTOP_ACCESS”的前一个定义
     1>c:\program files (x86)\microsoft directx sdk (june 2010)\include\dxgitype.h(16): warning C4005: “DXGI_STATUS_GRAPHICS_VIDPN_SOURCE_IN_USE”: 宏重定义
                 c:\program files (x86)\windows kits\8.0\include\shared\winerror.h(49485) : 参见“DXGI_STATUS_GRAPHICS_VIDPN_SOURCE_IN_USE”的前一个定义
     1>c:\program files (x86)\microsoft directx sdk (june 2010)\include\dxgitype.h(17): warning C4005: “DXGI_STATUS_MODE_CHANGED”: 宏重定义
                 c:\program files (x86)\windows kits\8.0\include\shared\winerror.h(49494) : 参见“DXGI_STATUS_MODE_CHANGED”的前一个定义
     1>c:\program files (x86)\microsoft directx sdk (june 2010)\include\dxgitype.h(18): warning C4005: “DXGI_STATUS_MODE_CHANGE_IN_PROGRESS”: 宏重定义
                 c:\program files (x86)\windows kits\8.0\include\shared\winerror.h(49503) : 参见“DXGI_STATUS_MODE_CHANGE_IN_PROGRESS”的前一个定义
     1>c:\program files (x86)\microsoft directx sdk (june 2010)\include\dxgitype.h(21): warning C4005: “DXGI_ERROR_INVALID_CALL”: 宏重定义
                 c:\program files (x86)\windows kits\8.0\include\shared\winerror.h(49518) : 参见“DXGI_ERROR_INVALID_CALL”的前一个定义
     1>c:\program files (x86)\microsoft directx sdk (june 2010)\include\dxgitype.h(22): warning C4005: “DXGI_ERROR_NOT_FOUND”: 宏重定义
                 c:\program files (x86)\windows kits\8.0\include\shared\winerror.h(49527) : 参见“DXGI_ERROR_NOT_FOUND”的前一个定义
     1>c:\program files (x86)\microsoft directx sdk (june 2010)\include\dxgitype.h(23): warning C4005: “DXGI_ERROR_MORE_DATA”: 宏重定义
                 c:\program files (x86)\windows kits\8.0\include\shared\winerror.h(49536) : 参见“DXGI_ERROR_MORE_DATA”的前一个定义
     1>c:\program files (x86)\microsoft directx sdk (june 2010)\include\dxgitype.h(24): warning C4005: “DXGI_ERROR_UNSUPPORTED”: 宏重定义
                 c:\program files (x86)\windows kits\8.0\include\shared\winerror.h(49545) : 参见“DXGI_ERROR_UNSUPPORTED”的前一个定义
     1>c:\program files (x86)\microsoft directx sdk (june 2010)\include\dxgitype.h(25): warning C4005: “DXGI_ERROR_DEVICE_REMOVED”: 宏重定义
                 c:\program files (x86)\windows kits\8.0\include\shared\winerror.h(49554) : 参见“DXGI_ERROR_DEVICE_REMOVED”的前一个定义
     1>c:\program files (x86)\microsoft directx sdk (june 2010)\include\dxgitype.h(26): warning C4005: “DXGI_ERROR_DEVICE_HUNG”: 宏重定义
                 c:\program files (x86)\windows kits\8.0\include\shared\winerror.h(49563) : 参见“DXGI_ERROR_DEVICE_HUNG”的前一个定义
     1>c:\program files (x86)\microsoft directx sdk (june 2010)\include\dxgitype.h(27): warning C4005: “DXGI_ERROR_DEVICE_RESET”: 宏重定义
                 c:\program files (x86)\windows kits\8.0\include\shared\winerror.h(49573) : 参见“DXGI_ERROR_DEVICE_RESET”的前一个定义
     1>c:\program files (x86)\microsoft directx sdk (june 2010)\include\dxgitype.h(28): warning C4005: “DXGI_ERROR_WAS_STILL_DRAWING”: 宏重定义
                 c:\program files (x86)\windows kits\8.0\include\shared\winerror.h(49582) : 参见“DXGI_ERROR_WAS_STILL_DRAWING”的前一个定义
     1>c:\program files (x86)\microsoft directx sdk (june 2010)\include\dxgitype.h(29): warning C4005: “DXGI_ERROR_FRAME_STATISTICS_DISJOINT”: 宏重定义
                 c:\program files (x86)\windows kits\8.0\include\shared\winerror.h(49592) : 参见“DXGI_ERROR_FRAME_STATISTICS_DISJOINT”的前一个定义
     1>c:\program files (x86)\microsoft directx sdk (june 2010)\include\dxgitype.h(30): warning C4005: “DXGI_ERROR_GRAPHICS_VIDPN_SOURCE_IN_USE”: 宏重定义
                 c:\program files (x86)\windows kits\8.0\include\shared\winerror.h(49601) : 参见“DXGI_ERROR_GRAPHICS_VIDPN_SOURCE_IN_USE”的前一个定义
     1>c:\program files (x86)\microsoft directx sdk (june 2010)\include\dxgitype.h(31): warning C4005: “DXGI_ERROR_DRIVER_INTERNAL_ERROR”: 宏重定义
                 c:\program files (x86)\windows kits\8.0\include\shared\winerror.h(49611) : 参见“DXGI_ERROR_DRIVER_INTERNAL_ERROR”的前一个定义
     1>c:\program files (x86)\microsoft directx sdk (june 2010)\include\dxgitype.h(32): warning C4005: “DXGI_ERROR_NONEXCLUSIVE”: 宏重定义
                 c:\program files (x86)\windows kits\8.0\include\shared\winerror.h(49620) : 参见“DXGI_ERROR_NONEXCLUSIVE”的前一个定义
     1>c:\program files (x86)\microsoft directx sdk (june 2010)\include\dxgitype.h(33): warning C4005: “DXGI_ERROR_NOT_CURRENTLY_AVAILABLE”: 宏重定义
                 c:\program files (x86)\windows kits\8.0\include\shared\winerror.h(49629) : 参见“DXGI_ERROR_NOT_CURRENTLY_AVAILABLE”的前一个定义
     1>c:\program files (x86)\microsoft directx sdk (june 2010)\include\dxgitype.h(34): warning C4005: “DXGI_ERROR_REMOTE_CLIENT_DISCONNECTED”: 宏重定义
                 c:\program files (x86)\windows kits\8.0\include\shared\winerror.h(49639) : 参见“DXGI_ERROR_REMOTE_CLIENT_DISCONNECTED”的前一个定义
     1>c:\program files (x86)\microsoft directx sdk (june 2010)\include\dxgitype.h(35): warning C4005: “DXGI_ERROR_REMOTE_OUTOFMEMORY”: 宏重定义
                 c:\program files (x86)\windows kits\8.0\include\shared\winerror.h(49648) : 参见“DXGI_ERROR_REMOTE_OUTOFMEMORY”的前一个定义
     1>c:\program files (x86)\microsoft directx sdk (june 2010)\include\d3d11.h(917): warning C4005: “D3D11_ERROR_TOO_MANY_UNIQUE_STATE_OBJECTS”: 宏重定义
                 c:\program files (x86)\windows kits\8.0\include\shared\winerror.h(49817) : 参见“D3D11_ERROR_TOO_MANY_UNIQUE_STATE_OBJECTS”的前一个定义
     1>c:\program files (x86)\microsoft directx sdk (june 2010)\include\d3d11.h(918): warning C4005: “D3D11_ERROR_FILE_NOT_FOUND”: 宏重定义
                 c:\program files (x86)\windows kits\8.0\include\shared\winerror.h(49826) : 参见“D3D11_ERROR_FILE_NOT_FOUND”的前一个定义
     1>c:\program files (x86)\microsoft directx sdk (june 2010)\include\d3d11.h(919): warning C4005: “D3D11_ERROR_TOO_MANY_UNIQUE_VIEW_OBJECTS”: 宏重定义
                 c:\program files (x86)\windows kits\8.0\include\shared\winerror.h(49836) : 参见“D3D11_ERROR_TOO_MANY_UNIQUE_VIEW_OBJECTS”的前一个定义
     1>c:\program files (x86)\microsoft directx sdk (june 2010)\include\d3d11.h(920): warning C4005: “D3D11_ERROR_DEFERRED_CONTEXT_MAP_WITHOUT_INITIAL_DISCARD”: 宏重定义
                 c:\program files (x86)\windows kits\8.0\include\shared\winerror.h(49845) : 参见“D3D11_ERROR_DEFERRED_CONTEXT_MAP_WITHOUT_INITIAL_DISCARD”的前一个定义
     1>c:\program files (x86)\microsoft directx sdk (june 2010)\include\d3d10.h(608): warning C4005: “D3D10_ERROR_TOO_MANY_UNIQUE_STATE_OBJECTS”: 宏重定义
                 c:\program files (x86)\windows kits\8.0\include\shared\winerror.h(49793) : 参见“D3D10_ERROR_TOO_MANY_UNIQUE_STATE_OBJECTS”的前一个定义
     1>c:\program files (x86)\microsoft directx sdk (june 2010)\include\d3d10.h(609): warning C4005: “D3D10_ERROR_FILE_NOT_FOUND”: 宏重定义
                 c:\program files (x86)\windows kits\8.0\include\shared\winerror.h(49802) : 参见“D3D10_ERROR_FILE_NOT_FOUND”的前一个定义
       Link:
         C:\Program Files (x86)\Microsoft Visual Studio 11.0\VC\bin\link.exe /ERRORREPORT:PROMPT /OUT:"E:\Program\Game\DirectX\Exercise\3D Program with D3D\Debug\3D Program with D3D.exe" /INCREMENTAL /NOLOGO d3dx11.lib d3d11.lib dxerr.lib dxguid.lib d3dcompiler.lib Effects11.lib kernel32.lib user32.lib gdi32.lib winspool.lib comdlg32.lib advapi32.lib shell32.lib ole32.lib oleaut32.lib uuid.lib odbc32.lib odbccp32.lib /MANIFEST /MANIFESTUAC:"level='asInvoker' uiAccess='false'" /manifest:embed /DEBUG /PDB:"E:\Program\Game\DirectX\Exercise\3D Program with D3D\Debug\3D Program with D3D.pdb" /SUBSYSTEM:WINDOWS /TLBID:1 /DYNAMICBASE /NXCOMPAT /IMPLIB:"E:\Program\Game\DirectX\Exercise\3D Program with D3D\Debug\3D Program with D3D.lib" /MACHINE:X86 Debug\AnimationHelper.obj
         Debug\Camera.obj
         Debug\d3dApp.obj
         Debug\D3DUtils.obj
         Debug\Effect.obj
         Debug\GameTimer.obj
         Debug\GeometryGenerator.obj
         Debug\LoadM3d.obj
         Debug\MathHelper.obj
         Debug\MeshGeometry.obj
         Debug\ParticleSystem.obj
         Debug\RenderStates.obj
         Debug\ShadowMap.obj
         Debug\Sky.obj
         Debug\Ssao.obj
         Debug\Terrain.obj
         Debug\TextureMgr.obj
         Debug\Vertexs.obj
         Debug\Waves.obj
         Debug\xnacollision.obj
         Debug\BasicModel.obj
         Debug\BlurFilter.obj
         Debug\SkinnedData.obj
         Debug\SkinnedModel.obj
         Debug\TreeBillboardDemo.obj
         Effects11.lib
         3D Program with D3D.vcxproj -> E:\Program\Game\DirectX\Exercise\3D Program with D3D\Debug\3D Program with D3D.exe
     1>已完成生成项目“E:\Program\Game\DirectX\Exercise\3D Program with D3D\3D Program with D3D\3D Program with D3D.vcxproj”(Build 个目标)的操作。

生成成功。

已用时间 00:00:03.97
